<?xml version="1.0" encoding="UTF-8"?>
<!-- Generated by org.testng.reporters.JUnitXMLReporter -->
<testsuite ignored="2" hostname="DESKTOP-R589HK7" failures="1" tests="3" name="Test(failed)(failed)" time="70.864" errors="0" timestamp="2025-04-09T08:07:46 IST">
  <testcase classname="adactin.test.BookingTest" name="testBookHotel" time="5.697"/>
  <testcase classname="adactin.test.BookingTest" name="testDetails" time="6.097">
    <failure type="java.lang.AssertionError" message="The following asserts failed:
	Room type mismatch expected [Double] but found [Deluxe],
	Last name mismatch expected [Marcus] but found []">
      <![CDATA[java.lang.AssertionError: The following asserts failed:
Room type mismatch expected [Double] but found [Deluxe],
Last name mismatch expected [Marcus] but found []
at adactin.test.BookingTest.testDetails(BookingTest.java:92)
at java.base/java.util.ArrayList.forEach(ArrayList.java:1511)
... Removed 29 stack frames]]>
    </failure>
  </testcase> <!-- testDetails -->
  <testcase classname="adactin.test.BookingTest" name="testBookingWithInvalidCardDetails" time="50.041"/>
  <testcase classname="adactin.test.BookingTest" name="testGetOrderID" time="0.0">
    <ignored/>
  </testcase> <!-- testGetOrderID -->
  <testcase classname="adactin.test.BookingTest" name="testMyItinerary" time="0.0">
    <ignored/>
  </testcase> <!-- testMyItinerary -->
</testsuite> <!-- Test(failed)(failed) -->
