<?xml version="1.0" encoding="UTF-8"?>
<!-- Generated by org.testng.reporters.JUnitXMLReporter -->
<testsuite ignored="1" hostname="DESKTOP-R589HK7" failures="1" tests="25" name="Test" time="286.291" errors="0" timestamp="2025-04-09T10:29:06 IST">
  <testcase classname="adactin.test.LoginTest" name="testLogo" time="0.122"/>
  <testcase classname="adactin.test.LoginTest" name="isLoginBtnEnabled" time="0.058"/>
  <testcase classname="adactin.test.SearchHotelTest" name="testLinksDispay" time="1.637"/>
  <testcase classname="adactin.test.SearchHotelTest" name="testSearchHotel" time="3.159"/>
  <testcase classname="adactin.test.SearchHotelTest" name="bookingWithPastDate" time="2.812"/>
  <testcase classname="adactin.test.SearchHotelTest" name="searchWithoutLocation" time="0.77"/>
  <testcase classname="adactin.test.SearchHotelTest" name="testSelectHotel" time="12.704"/>
  <testcase classname="adactin.test.SearchHotelTest" name="testSelectHotel" time="9.707"/>
  <testcase classname="adactin.test.SearchHotelTest" name="testSelectHotel" time="10.616"/>
  <testcase classname="adactin.test.SearchHotelTest" name="testSelectHotel" time="9.667"/>
  <testcase classname="adactin.test.SearchHotelTest" name="testSelectHotel" time="9.659"/>
  <testcase classname="adactin.test.SearchHotelTest" name="testWithoutSelectHotel" time="2.291"/>
  <testcase classname="adactin.test.SearchHotelTest" name="testWithoutOptionalFields" time="1.426"/>
  <testcase classname="adactin.test.BookingTest" name="testBookHotel" time="5.215"/>
  <testcase classname="adactin.test.BookingTest" name="testMyItinerary" time="5.932"/>
  <testcase classname="adactin.test.BookingTest" name="testDetails" time="0.306">
    <failure type="java.lang.AssertionError" message="The following asserts failed:
	Room type mismatch expected [Double] but found [Deluxe],
	Last name mismatch expected [Marcus] but found []">
      <![CDATA[java.lang.AssertionError: The following asserts failed:
Room type mismatch expected [Double] but found [Deluxe],
Last name mismatch expected [Marcus] but found []
at adactin.test.BookingTest.testDetails(BookingTest.java:92)
at java.base/java.util.ArrayList.forEach(ArrayList.java:1511)
... Removed 29 stack frames]]>
    </failure>
  </testcase> <!-- testDetails -->
  <testcase classname="adactin.test.BookingTest" name="testBookingWithInvalidCardDetails" time="5.231"/>
  <testcase classname="adactin.test.BookedItineraryTest" name="testBookedItinerariLink" time="18.079"/>
  <testcase classname="adactin.test.BookedItineraryTest" name="verifyDetails" time="0.07"/>
  <testcase classname="adactin.test.BookedItineraryTest" name="testCancelBookingWithCheckBox" time="23.262"/>
  <testcase classname="adactin.test.BookedItineraryTest" name="testCancelWithOrderBtn" time="45.287"/>
  <testcase classname="adactin.test.BookedItineraryTest" name="testSearchOrder" time="51.823"/>
  <testcase classname="adactin.test.BookedItineraryTest" name="testSelectAllCehckbox" time="18.964"/>
  <testcase classname="adactin.test.BookedItineraryTest" name="testLogout" time="20.896"/>
  <testcase classname="adactin.test.BookedItineraryTest" name="testLoginAgain" time="0.436"/>
  <testcase classname="adactin.test.BookingTest" name="testGetOrderID" time="0.0">
    <ignored/>
  </testcase> <!-- testGetOrderID -->
</testsuite> <!-- Test -->
