<html>
<head>
<title>TestNG:  Test</title>
<link href="../testng.css" rel="stylesheet" type="text/css" />
<link href="../my-testng.css" rel="stylesheet" type="text/css" />

<style type="text/css">
.log { display: none;} 
.stack-trace { display: none;} 
</style>
<script type="text/javascript">
<!--
function flip(e) {
  current = e.style.display;
  if (current == 'block') {
    e.style.display = 'none';
    return 0;
  }
  else {
    e.style.display = 'block';
    return 1;
  }
}

function toggleBox(szDivId, elem, msg1, msg2)
{
  var res = -1;  if (document.getElementById) {
    res = flip(document.getElementById(szDivId));
  }
  else if (document.all) {
    // this is the way old msie versions work
    res = flip(document.all[szDivId]);
  }
  if(elem) {
    if(res == 0) elem.innerHTML = msg1; else elem.innerHTML = msg2;
  }

}

function toggleAllBoxes() {
  if (document.getElementsByTagName) {
    d = document.getElementsByTagName('div');
    for (i = 0; i < d.length; i++) {
      if (d[i].className == 'log') {
        flip(d[i]);
      }
    }
  }
}

// -->
</script>

</head>
<body>
<h2 align='center'>Test</h2><table border='1' align="center">
<tr>
<td>Tests passed/Failed/Skipped:</td><td>25/1/0</td>
</tr><tr>
<td>Started on:</td><td>Wed Apr 09 11:03:16 IST 2025</td>
</tr>
<tr><td>Total time:</td><td>355 seconds (355172 ms)</td>
</tr><tr>
<td>Included groups:</td><td></td>
</tr><tr>
<td>Excluded groups:</td><td></td>
</tr>
</table><p/>
<small><i>(Hover the method name to see the test class name)</i></small><p/>
<table width='100%' border='1' class='invocation-failed'>
<tr><td colspan='4' align='center'><b>FAILED TESTS</b></td></tr>
<tr><td><b>Test method</b></td>
<td><b>Attribute(s)</b></td>
<td width="30%"><b>Exception</b></td>
<td width="10%"><b>Time (seconds)</b></td>
<td><b>Instance</b></td>
</tr>
<tr>
<td title='adactin.test.BookingTest.testDetails()'><b>testDetails</b><br>Test class: adactin.test.BookingTest</td>
<td><div><pre>java.lang.AssertionError: The following asserts failed:
	Room type mismatch expected [Double] but found [Deluxe],
	Last name mismatch expected [Marcus] but found []
	at adactin.test.BookingTest.testDetails(BookingTest.java:92)
	at java.base/java.util.ArrayList.forEach(ArrayList.java:1511)
... Removed 33 stack frames</pre></div><a href='#' onClick='toggleBox("stack-trace696007235", this, "Click to show all stack frames", "Click to hide stack frames")'>Click to show all stack frames</a>
<div class='stack-trace' id='stack-trace696007235'><pre>java.lang.AssertionError: The following asserts failed:
	Room type mismatch expected [Double] but found [Deluxe],
	Last name mismatch expected [Marcus] but found []
	at org.testng.asserts.SoftAssert.assertAll(SoftAssert.java:46)
	at org.testng.asserts.SoftAssert.assertAll(SoftAssert.java:30)
	at adactin.test.BookingTest.testDetails(BookingTest.java:92)
	at java.base/jdk.internal.reflect.NativeMethodAccessorImpl.invoke0(Native Method)
	at java.base/jdk.internal.reflect.NativeMethodAccessorImpl.invoke(NativeMethodAccessorImpl.java:77)
	at java.base/jdk.internal.reflect.DelegatingMethodAccessorImpl.invoke(DelegatingMethodAccessorImpl.java:43)
	at java.base/java.lang.reflect.Method.invoke(Method.java:568)
	at org.testng.internal.invokers.MethodInvocationHelper.invokeMethod(MethodInvocationHelper.java:141)
	at org.testng.internal.invokers.TestInvoker.invokeMethod(TestInvoker.java:686)
	at org.testng.internal.invokers.TestInvoker.invokeTestMethod(TestInvoker.java:230)
	at org.testng.internal.invokers.MethodRunner.runInSequence(MethodRunner.java:63)
	at org.testng.internal.invokers.TestInvoker$MethodInvocationAgent.invoke(TestInvoker.java:992)
	at org.testng.internal.invokers.TestInvoker.invokeTestMethods(TestInvoker.java:203)
	at org.testng.internal.invokers.TestMethodWorker.invokeTestMethods(TestMethodWorker.java:154)
	at org.testng.internal.invokers.TestMethodWorker.run(TestMethodWorker.java:134)
	at java.base/java.util.ArrayList.forEach(ArrayList.java:1511)
	at org.testng.TestRunner.privateRun(TestRunner.java:739)
	at org.testng.TestRunner.run(TestRunner.java:614)
	at org.testng.SuiteRunner.runTest(SuiteRunner.java:421)
	at org.testng.SuiteRunner.runSequentially(SuiteRunner.java:413)
	at org.testng.SuiteRunner.privateRun(SuiteRunner.java:373)
	at org.testng.SuiteRunner.run(SuiteRunner.java:312)
	at org.testng.SuiteRunnerWorker.runSuite(SuiteRunnerWorker.java:52)
	at org.testng.SuiteRunnerWorker.run(SuiteRunnerWorker.java:95)
	at org.testng.TestNG.runSuitesSequentially(TestNG.java:1274)
	at org.testng.TestNG.runSuitesLocally(TestNG.java:1208)
	at org.testng.TestNG.runSuites(TestNG.java:1112)
	at org.testng.TestNG.run(TestNG.java:1079)
	at org.apache.maven.surefire.testng.TestNGExecutor.run(TestNGExecutor.java:308)
	at org.apache.maven.surefire.testng.TestNGXmlTestSuite.execute(TestNGXmlTestSuite.java:71)
	at org.apache.maven.surefire.testng.TestNGProvider.invoke(TestNGProvider.java:113)
	at org.apache.maven.surefire.booter.ForkedBooter.runSuitesInProcess(ForkedBooter.java:385)
	at org.apache.maven.surefire.booter.ForkedBooter.execute(ForkedBooter.java:162)
	at org.apache.maven.surefire.booter.ForkedBooter.run(ForkedBooter.java:507)
	at org.apache.maven.surefire.booter.ForkedBooter.main(ForkedBooter.java:495)
</pre></div></td>
<td>0</td>
<td>adactin.test.BookingTest@6155d082</td></tr>
</table><p>
<table width='100%' border='1' class='invocation-passed'>
<tr><td colspan='4' align='center'><b>PASSED TESTS</b></td></tr>
<tr><td><b>Test method</b></td>
<td><b>Attribute(s)</b></td>
<td width="30%"><b>Exception</b></td>
<td width="10%"><b>Time (seconds)</b></td>
<td><b>Instance</b></td>
</tr>
<tr>
<td title='adactin.test.LoginTest.testLogo()'><b>testLogo</b><br>Test class: adactin.test.LoginTest</td>
<td></td>
<td>0</td>
<td>adactin.test.LoginTest@24111ef1</td></tr>
<tr>
<td title='adactin.test.SearchHotelTest.testSelectHotel()'><b>testSelectHotel</b><br>Test class: adactin.test.SearchHotelTest<br>Parameters: Adam, Marcus, addr 123, 1234567890121210, 121</td>
<td></td>
<td>24</td>
<td>adactin.test.SearchHotelTest@7b94089b</td></tr>
<tr>
<td title='adactin.test.SearchHotelTest.testLinksDispay()'><b>testLinksDispay</b><br>Test class: adactin.test.SearchHotelTest</td>
<td></td>
<td>1</td>
<td>adactin.test.SearchHotelTest@7b94089b</td></tr>
<tr>
<td title='adactin.test.BookingTest.testMyItinerary()'><b>testMyItinerary</b><br>Test class: adactin.test.BookingTest</td>
<td></td>
<td>6</td>
<td>adactin.test.BookingTest@6155d082</td></tr>
<tr>
<td title='adactin.test.BookedItineraryTest.testSelectAllCehckbox()'><b>testSelectAllCehckbox</b><br>Test class: adactin.test.BookedItineraryTest</td>
<td></td>
<td>28</td>
<td>adactin.test.BookedItineraryTest@3a5ecce3</td></tr>
<tr>
<td title='adactin.test.SearchHotelTest.testSelectHotel()'><b>testSelectHotel</b><br>Test class: adactin.test.SearchHotelTest<br>Parameters: Adam, Marcus, addr 123, 1234567890121210, 121</td>
<td></td>
<td>10</td>
<td>adactin.test.SearchHotelTest@7b94089b</td></tr>
<tr>
<td title='adactin.test.SearchHotelTest.testSearchHotel()'><b>testSearchHotel</b><br>Test class: adactin.test.SearchHotelTest</td>
<td></td>
<td>2</td>
<td>adactin.test.SearchHotelTest@7b94089b</td></tr>
<tr>
<td title='adactin.test.BookedItineraryTest.testCancelBookingWithCheckBox()'><b>testCancelBookingWithCheckBox</b><br>Test class: adactin.test.BookedItineraryTest</td>
<td></td>
<td>47</td>
<td>adactin.test.BookedItineraryTest@3a5ecce3</td></tr>
<tr>
<td title='adactin.test.BookedItineraryTest.testCancelWithOrderBtn()'><b>testCancelWithOrderBtn</b><br>Test class: adactin.test.BookedItineraryTest</td>
<td></td>
<td>31</td>
<td>adactin.test.BookedItineraryTest@3a5ecce3</td></tr>
<tr>
<td title='adactin.test.LoginTest.isLoginBtnEnabled()'><b>isLoginBtnEnabled</b><br>Test class: adactin.test.LoginTest</td>
<td></td>
<td>0</td>
<td>adactin.test.LoginTest@24111ef1</td></tr>
<tr>
<td title='adactin.test.BookedItineraryTest.testBookedItinerariLink()'><b>testBookedItinerariLink</b><br>Test class: adactin.test.BookedItineraryTest</td>
<td></td>
<td>12</td>
<td>adactin.test.BookedItineraryTest@3a5ecce3</td></tr>
<tr>
<td title='adactin.test.SearchHotelTest.searchWithoutLocation()'><b>searchWithoutLocation</b><br>Test class: adactin.test.SearchHotelTest</td>
<td></td>
<td>0</td>
<td>adactin.test.SearchHotelTest@7b94089b</td></tr>
<tr>
<td title='adactin.test.BookedItineraryTest.verifyDetails()'><b>verifyDetails</b><br>Test class: adactin.test.BookedItineraryTest</td>
<td></td>
<td>0</td>
<td>adactin.test.BookedItineraryTest@3a5ecce3</td></tr>
<tr>
<td title='adactin.test.SearchHotelTest.testWithoutOptionalFields()'><b>testWithoutOptionalFields</b><br>Test class: adactin.test.SearchHotelTest</td>
<td></td>
<td>1</td>
<td>adactin.test.SearchHotelTest@7b94089b</td></tr>
<tr>
<td title='adactin.test.BookedItineraryTest.testLogout()'><b>testLogout</b><br>Test class: adactin.test.BookedItineraryTest</td>
<td></td>
<td>48</td>
<td>adactin.test.BookedItineraryTest@3a5ecce3</td></tr>
<tr>
<td title='adactin.test.SearchHotelTest.bookingWithPastDate()'><b>bookingWithPastDate</b><br>Test class: adactin.test.SearchHotelTest<br>Parameters: 10/02/2025, 11/02/2025</td>
<td></td>
<td>2</td>
<td>adactin.test.SearchHotelTest@7b94089b</td></tr>
<tr>
<td title='adactin.test.BookedItineraryTest.testSearchOrder()'><b>testSearchOrder</b><br>Test class: adactin.test.BookedItineraryTest</td>
<td></td>
<td>53</td>
<td>adactin.test.BookedItineraryTest@3a5ecce3</td></tr>
<tr>
<td title='adactin.test.BookedItineraryTest.testLoginAgain()'><b>testLoginAgain</b><br>Test class: adactin.test.BookedItineraryTest</td>
<td></td>
<td>0</td>
<td>adactin.test.BookedItineraryTest@3a5ecce3</td></tr>
<tr>
<td title='adactin.test.BookingTest.testGetOrderID()'><b>testGetOrderID</b><br>Test class: adactin.test.BookingTest</td>
<td></td>
<td>0</td>
<td>adactin.test.BookingTest@6155d082</td></tr>
<tr>
<td title='adactin.test.SearchHotelTest.testSelectHotel()'><b>testSelectHotel</b><br>Test class: adactin.test.SearchHotelTest<br>Parameters: Adam, Marcus, addr 123, 1234567890121210, 121</td>
<td></td>
<td>11</td>
<td>adactin.test.SearchHotelTest@7b94089b</td></tr>
<tr>
<td title='adactin.test.SearchHotelTest.testSelectHotel()'><b>testSelectHotel</b><br>Test class: adactin.test.SearchHotelTest<br>Parameters: Adam, Marcus, addr 123, 1234567890121210, 121</td>
<td></td>
<td>10</td>
<td>adactin.test.SearchHotelTest@7b94089b</td></tr>
<tr>
<td title='adactin.test.SearchHotelTest.testSelectHotel()'><b>testSelectHotel</b><br>Test class: adactin.test.SearchHotelTest<br>Parameters: Adam, Marcus, addr 123, 1234567890121210, 121</td>
<td></td>
<td>14</td>
<td>adactin.test.SearchHotelTest@7b94089b</td></tr>
<tr>
<td title='adactin.test.SearchHotelTest.testWithoutSelectHotel()'><b>testWithoutSelectHotel</b><br>Test class: adactin.test.SearchHotelTest</td>
<td></td>
<td>2</td>
<td>adactin.test.SearchHotelTest@7b94089b</td></tr>
<tr>
<td title='adactin.test.BookingTest.testBookHotel()'><b>testBookHotel</b><br>Test class: adactin.test.BookingTest<br>Parameters: Adam, Marcus, addr 123, 1234567890121210, 121</td>
<td></td>
<td>7</td>
<td>adactin.test.BookingTest@6155d082</td></tr>
<tr>
<td title='adactin.test.BookingTest.testBookingWithInvalidCardDetails()'><b>testBookingWithInvalidCardDetails</b><br>Test class: adactin.test.BookingTest<br>Parameters: Adam, Marcus, addr 123, 123456, 121</td>
<td></td>
<td>6</td>
<td>adactin.test.BookingTest@6155d082</td></tr>
</table><p>
</body>
</html>