<?xml version="1.0" encoding="UTF-8"?>
<!-- Generated by org.testng.reporters.JUnitXMLReporter -->
<testsuite ignored="3" hostname="DESKTOP-R589HK7" failures="1" tests="26" name="Test" time="355.172" errors="0" timestamp="2025-04-09T11:09:12 IST">
  <testcase classname="adactin.test.LoginTest" name="testLogo" time="0.236"/>
  <testcase classname="adactin.test.LoginTest" name="isLoginBtnEnabled" time="0.088"/>
  <testcase classname="adactin.test.SearchHotelTest" name="testLinksDispay" time="1.368"/>
  <testcase classname="adactin.test.SearchHotelTest" name="testSearchHotel" time="2.3"/>
  <testcase classname="adactin.test.SearchHotelTest" name="bookingWithPastDate" time="2.852"/>
  <testcase classname="adactin.test.SearchHotelTest" name="searchWithoutLocation" time="0.726"/>
  <testcase classname="adactin.test.SearchHotelTest" name="testSelectHotel" time="24.158"/>
  <testcase classname="adactin.test.SearchHotelTest" name="testSelectHotel" time="10.663"/>
  <testcase classname="adactin.test.SearchHotelTest" name="testSelectHotel" time="10.401"/>
  <testcase classname="adactin.test.SearchHotelTest" name="testSelectHotel" time="11.34"/>
  <testcase classname="adactin.test.SearchHotelTest" name="testSelectHotel" time="14.09"/>
  <testcase classname="adactin.test.SearchHotelTest" name="testWithoutSelectHotel" time="2.682"/>
  <testcase classname="adactin.test.SearchHotelTest" name="testWithoutOptionalFields" time="1.434"/>
  <testcase classname="adactin.test.BookingTest" name="testBookHotel" time="7.431"/>
  <testcase classname="adactin.test.BookingTest" name="testMyItinerary" time="6.101"/>
  <testcase classname="adactin.test.BookingTest" name="testDetails" time="0.298">
    <failure type="java.lang.AssertionError" message="The following asserts failed:
	Room type mismatch expected [Double] but found [Deluxe],
	Last name mismatch expected [Marcus] but found []">
      <![CDATA[java.lang.AssertionError: The following asserts failed:
Room type mismatch expected [Double] but found [Deluxe],
Last name mismatch expected [Marcus] but found []
at adactin.test.BookingTest.testDetails(BookingTest.java:92)
at java.base/java.util.ArrayList.forEach(ArrayList.java:1511)
... Removed 33 stack frames]]>
    </failure>
  </testcase> <!-- testDetails -->
  <testcase classname="adactin.test.BookingTest" name="testGetOrderID" time="0.103"/>
  <testcase classname="adactin.test.BookingTest" name="testBookingWithInvalidCardDetails" time="6.43"/>
  <testcase classname="adactin.test.BookedItineraryTest" name="testBookedItinerariLink" time="12.445"/>
  <testcase classname="adactin.test.BookedItineraryTest" name="verifyDetails" time="0.101"/>
  <testcase classname="adactin.test.BookedItineraryTest" name="testCancelBookingWithCheckBox" time="47.301"/>
  <testcase classname="adactin.test.BookedItineraryTest" name="testCancelWithOrderBtn" time="31.318"/>
  <testcase classname="adactin.test.BookedItineraryTest" name="testSearchOrder" time="53.164"/>
  <testcase classname="adactin.test.BookedItineraryTest" name="testSelectAllCehckbox" time="28.672"/>
  <testcase classname="adactin.test.BookedItineraryTest" name="testLogout" time="48.191"/>
  <testcase classname="adactin.test.BookedItineraryTest" name="testLoginAgain" time="0.389"/>
  <testcase classname="adactin.base.BaseClass" name="@AfterTest tearDownTest" time="0.0">
    <ignored/>
  </testcase> <!-- @AfterTest tearDownTest -->
  <testcase classname="adactin.base.BaseClass" name="@AfterTest tearDownTest" time="0.0">
    <ignored/>
  </testcase> <!-- @AfterTest tearDownTest -->
  <testcase classname="adactin.base.BaseClass" name="@AfterTest tearDownTest" time="0.0">
    <ignored/>
  </testcase> <!-- @AfterTest tearDownTest -->
</testsuite> <!-- Test -->
